
* Info: Process launched (host aicha-Vostro-3500, process 13461)
[1mTotal memory size:[0m 4718592 B, 4608 KiB, 4 MiB

[1m Step    Time, s Interact/s  GFLOP/s[0m
    0  3.454e-01  7.771e+08     17.9 *
    1  3.350e-01  8.012e+08     18.4 *
    2  3.433e-01  7.820e+08     18.0 *
    3  3.382e-01  7.937e+08     18.3 
    4  3.421e-01  7.847e+08     18.0 
    5  3.405e-01  7.882e+08     18.1 
    6  3.466e-01  7.745e+08     17.8 
    7  3.435e-01  7.814e+08     18.0 
    8  3.504e-01  7.659e+08     17.6 
    9  3.463e-01  7.752e+08     17.8 
-----------------------------------------------------
[1mAverage performance:      [42m      18.0 +- 0.2 GFLOP/s[0m
-----------------------------------------------------

* Info: Process finished (host aicha-Vostro-3500, process 13461)
* Info: Dumping samples (host aicha-Vostro-3500, process 13461)
* Info: Dumping source info for callchain nodes (host aicha-Vostro-3500, process 13461)
* Info: Building/writing metadata (host aicha-Vostro-3500)
* Info: Finished collect step (host aicha-Vostro-3500, process 13461)

Your experiment path is /home/aicha/Downloads/nbody3D/0/maqao_2022-01-05_22-44-40/tools/lprof_npsu_run_0

To display your profiling results:
#################################################################################################
#    LEVEL    |     REPORT     |                            COMMAND                             #
#################################################################################################
#  Functions  |  Cluster-wide  |  maqao lprof -df xp=/home/aicha/Downloads/nbody3D/0/maqao_202  #
#  Functions  |  Per-node      |  maqao lprof -df -dn xp=/home/aicha/Downloads/nbody3D/0/maqao  #
#  Functions  |  Per-process   |  maqao lprof -df -dp xp=/home/aicha/Downloads/nbody3D/0/maqao  #
#  Functions  |  Per-thread    |  maqao lprof -df -dt xp=/home/aicha/Downloads/nbody3D/0/maqao  #
#  Loops      |  Cluster-wide  |  maqao lprof -dl xp=/home/aicha/Downloads/nbody3D/0/maqao_202  #
#  Loops      |  Per-node      |  maqao lprof -dl -dn xp=/home/aicha/Downloads/nbody3D/0/maqao  #
#  Loops      |  Per-process   |  maqao lprof -dl -dp xp=/home/aicha/Downloads/nbody3D/0/maqao  #
#  Loops      |  Per-thread    |  maqao lprof -dl -dt xp=/home/aicha/Downloads/nbody3D/0/maqao  #
#################################################################################################

